<?xml version="1.0" encoding="UTF-8"?>
<testsuite xmlns:xsi="http://www.w3.org/2001/XMLSchema-instance" xsi:noNamespaceSchemaLocation="https://maven.apache.org/surefire/maven-surefire-plugin/xsd/surefire-test-report-3.0.xsd" version="3.0" name="com.cronit.util.PasswordUtilTest" time="8.812" tests="4" errors="0" skipped="0" failures="0">
  <properties>
[...]
</properties>
  <testcase name="testHashAndVerifyPassword" classname="com.cronit.util.PasswordUtilTest" time="2.271"/>
  <testcase name="testWrongPasswordFailsVerification" classname="com.cronit.util.PasswordUtilTest" time="1.857"/>
  <testcase name="testDifferentPasswordsProduceDifferentHashes" classname="com.cronit.util.PasswordUtilTest" time="1.797"/>
  <testcase name="testSamePasswordDifferentSaltDifferentHashes" classname="com.cronit.util.PasswordUtilTest" time="2.792"/>
</testsuite>